<?xml version="1.0" encoding="UTF-8"?>
<!-- Generated by org.testng.reporters.JUnitReportReporter -->
<testsuite hostname="ELMAZAHY" failures="0" tests="2" name="TestNG.TestNG_First" time="0.058" errors="0" timestamp="2022-10-05T21:13:02 EDT" skipped="0">
  <testcase classname="TestNG.TestNG_First" name="f" time="0.018"/>
  <system-out/>
  <testcase classname="TestNG.TestNG_First" name="Test6" time="0.040"/>
  <system-out/>
</testsuite> <!-- TestNG.TestNG_First -->
